<?xml version="1.0" encoding="UTF-8" ?>
<testsuite errors="0" failures="1" hostname="localhost.localdomain" name="com.wm.ps.test.WmTestSuite [FibonachiTest]" tests="2" time="0.141" timestamp="2017-04-04T16:29:55">
  <properties>
    <property name="file.encoding.pkg" value="sun.io" />
    <property name="testPackageName" value="/home/waa/cce/webmethods-sample-project-layout/assets/IS/Tests/FibonachiTest" />
    <property name="java.home" value="/home/waa/sag/cc/jvm/jvm/jre" />
    <property name="ant.file.type.testBuild" value="file" />
    <property name="webMethods.integrationServer.userid" value="Administrator" />
    <property name="java.endorsed.dirs" value="/home/waa/sag/cc/jvm/jvm/jre/lib/endorsed" />
    <property name="env.LOGNAME" value="jenkins" />
    <property name="bpmProjectsDir" value="/home/waa/cce/webmethods-sample-project-layout/assets/BPM" />
    <property name="SAG_CI_HOME" value="/home/waa/cce/sagdevops-ci-assets" />
    <property name="env.HUDSON_HOME" value="/var/lib/jenkins" />
    <property name="isReportingToJenkins" value="true" />
    <property name="sun.os.patch.level" value="unknown" />
    <property name="java.vendor.url" value="http://java.oracle.com/" />
    <property name="env.NODE_NAME" value="master" />
    <property name="java.version" value="1.8.0_101" />
    <property name="testISPort" value="8094" />
    <property name="env.NODE_LABELS" value="master" />
    <property name="env.JENKINS_SERVER_COOKIE" value="93b8896bb75f2dfd" />
    <property name="java.vendor.url.bug" value="http://bugreport.sun.com/bugreport/" />
    <property name="ant.project.invoked-targets" value="junitTestAndReportXML" />
    <property name="deployerProjectDefinitionTemplate" value="resources/ProjectSpecificationTemplate.xml" />
    <property name="ant.file.type.Build and Deploy Solution" value="file" />
    <property name="user.name" value="jenkins" />
    <property name="env.LANG" value="en_US.UTF-8" />
    <property name="sun.io.unicode.encoding" value="UnicodeLittle" />
    <property name="sun.jnu.encoding" value="UTF-8" />
    <property name="java.runtime.name" value="Java(TM) SE Runtime Environment" />
    <property name="isTestDir" value="/home/waa/cce/webmethods-sample-project-layout/assets/IS/Tests" />
    <property name="isProjectsDir" value="/home/waa/cce/webmethods-sample-project-layout/assets/IS/Packages" />
    <property name="bpmProjects" value="./assets/BPM/" />
    <property name="deployerInstallationPath" value="/home/waa/sag/cc/IntegrationServer/instances/deployer/packages/WmDeployer/bin/" />
    <property name="java.specification.name" value="Java Platform API Specification" />
    <property name="abeBuildfileDir" value="master_build" />
    <property name="user.timezone" value="" />
    <property name="isUnix" value="true" />
    <property name="webMethods.integrationServer.port" value="8094" />
    <property name="path.separator" value=":" />
    <property name="abeBuildfileFile" value="build.xml" />
    <property name="ant.file.test" value="/home/waa/cce/sagdevops-ci-assets/buildTest.xml" />
    <property name="file.encoding" value="UTF-8" />
    <property name="isPackages" value="./assets/IS/Packages" />
    <property name="ant.project.default-target" value="buildDeployTest" />
    <property name="deployerPassword" value="manage" />
    <property name="env.HOME" value="/var/lib/jenkins" />
    <property name="isTests" value="./assets/IS/Tests" />
    <property name="sun.java.command" value="org.apache.tools.ant.taskdefs.optional.junit.JUnitTestRunner com.wm.ps.test.WmTestSuite filtertrace=true haltOnError=false haltOnFailure=false formatter=org.apache.tools.ant.taskdefs.optional.junit.SummaryJUnitResultFormatter showoutput=true outputtoformatters=true logfailedtests=true logtestlistenerevents=false formatter=org.apache.tools.ant.taskdefs.optional.junit.XMLJUnitResultFormatter,/home/waa/cce/webmethods-sample-project-layout/assets/IS/Tests/FibonachiTest/resources/reports/TEST-FibonachiTest.xml crashfile=/home/waa/cce/sagdevops-ci-assets/junitvmwatcher5689804634929004297.properties propsfile=/home/waa/cce/sagdevops-ci-assets/junit6783435501922615024.properties" />
    <property name="env.RUN_DISPLAY_URL" value="http://localhost:8080/job/executeTest/13/display/redirect" />
    <property name="ant.file" value="/home/waa/cce/sagdevops-ci-assets/build.xml" />
    <property name="env.BUILD_TAG" value="jenkins-executeTest-13" />
    <property name="mwsProjectsDir" value="/home/waa/cce/webmethods-sample-project-layout/assets/MWS" />
    <property name="env.SAG_HOME" value="/home/waa/sag/cc" />
    <property name="testISHost" value="localhost" />
    <property name="webMethods.integrationServer.password" value="manage" />
    <property name="java.io.tmpdir" value="/tmp" />
    <property name="user.language" value="en" />
    <property name="line.separator" value="&#xa;" />
    <property name="abeBuildPropertiesReference" value="master_build_Reference/build.properties" />
    <property name="ant.file.type" value="file" />
    <property name="ant.file.Deploy" value="/home/waa/cce/sagdevops-ci-assets/buildDeployer.xml" />
    <property name="failedTestList" value="" />
    <property name="webMethods.integrationServer.name" value="localhost" />
    <property name="env.JOB_NAME" value="executeTest" />
    <property name="java.vm.info" value="mixed mode" />
    <property name="env.BUILD_DISPLAY_NAME" value="#13" />
    <property name="java.vm.specification.name" value="Java Virtual Machine Specification" />
    <property name="ant.file.Build and Deploy Solution" value="/home/waa/cce/sagdevops-ci-assets/build.xml" />
    <property name="env.JOB_DISPLAY_URL" value="http://localhost:8080/job/executeTest/display/redirect" />
    <property name="env.BUILD_URL" value="http://localhost:8080/job/executeTest/13/" />
    <property name="testISPassword" value="manage" />
    <property name="fileBasename" value="FibonachiTest" />
    <property name="ant.file.testBuild" value="/home/waa/cce/webmethods-sample-project-layout/build.xml" />
    <property name="testPackageReportsDir" value="/home/waa/cce/webmethods-sample-project-layout/assets/IS/Tests/FibonachiTest/resources/reports" />
    <property name="java.awt.printerjob" value="sun.print.PSPrinterJob" />
    <property name="env.HUDSON_SERVER_COOKIE" value="93b8896bb75f2dfd" />
    <property name="umProjectsDir" value="/home/waa/cce/webmethods-sample-project-layout/assets/UniversalMessaging" />
    <property name="ant.version" value="Apache Ant(TM) version 1.9.2 compiled on June 10 2014" />
    <property name="ant.file.type.test" value="file" />
    <property name="rulesProjectsDir" value="/home/waa/cce/webmethods-sample-project-layout/assets/Rules" />
    <property name="env.SAG_CI_HOME" value="/home/waa/cce/sagdevops-ci-assets" />
    <property name="env.BUILD_NUMBER" value="13" />
    <property name="ant.file.type.Deploy" value="file" />
    <property name="os.name" value="Linux" />
    <property name="java.specification.vendor" value="Oracle Corporation" />
    <property name="testSuitePackagesPath" value="/home/waa/cce/webmethods-sample-project-layout/assets/IS/Tests" />
    <property name="ant.file.Build" value="/home/waa/cce/sagdevops-ci-assets/buildCallABE.xml" />
    <property name="java.vm.name" value="Java HotSpot(TM) 64-Bit Server VM" />
    <property name="env.JOB_URL" value="http://localhost:8080/job/executeTest/" />
    <property name="repositoryName" value="executeTestRepo" />
    <property name="java.library.path" value="/usr/java/packages/lib/amd64:/usr/lib64:/lib64:/lib:/usr/lib" />
    <property name="env.PATH" value="/home/waa/sag/cc/jvm/jvm/bin:/home/waa/sag/cc/jvm/jvm/bin:/sbin:/usr/sbin:/bin:/usr/bin" />
    <property name="jenkinsReportDir" value="/var/lib/jenkins/workspace/executeTest/report" />
    <property name="env.HUDSON_URL" value="http://localhost:8080/" />
    <property name="ant.java.version" value="1.8" />
    <property name="deployerUsername" value="Administrator" />
    <property name="env.JENKINS_URL" value="http://localhost:8080/" />
    <property name="basedir" value="/home/waa/cce/sagdevops-ci-assets" />
    <property name="java.class.version" value="52.0" />
    <property name="env.SHLVL" value="2" />
    <property name="ant.home" value="/usr/share/ant" />
    <property name="abeHome" value="/home/waa/sag/cc/common/AssetBuildEnvironment" />
    <property name="env.JENKINS_HOME" value="/var/lib/jenkins" />
    <property name="env.RUN_CHANGES_DISPLAY_URL" value="http://localhost:8080/job/executeTest/13/display/redirect?page=changes" />
    <property name="buildOutputDir" value="/var/lib/jenkins/workspace/executeTest/target/executeTest/build" />
    <property name="sun.boot.library.path" value="/home/waa/sag/cc/jvm/jvm/jre/lib/amd64" />
    <property name="sun.management.compiler" value="HotSpot 64-Bit Tiered Compilers" />
    <property name="java.awt.graphicsenv" value="sun.awt.X11GraphicsEnvironment" />
    <property name="env.USER" value="jenkins" />
    <property name="deployerPort" value="8094" />
    <property name="ant.project.name" value="Build and Deploy Solution" />
    <property name="webMethods.test.setup.filename" value="/home/waa/cce/webmethods-sample-project-layout/assets/IS/Tests/FibonachiTest/resources/test/xml/setup/FibonachiTest.xml" />
    <property name="java.vm.specification.version" value="1.8" />
    <property name="env.NLSPATH" value="/usr/dt/lib/nls/msg/%L/%N.cat" />
    <property name="awt.toolkit" value="sun.awt.X11.XToolkit" />
    <property name="testISUsername" value="Administrator" />
    <property name="mwsProjects" value="./assets/MWS/" />
    <property name="sun.cpu.isalist" value="" />
    <property name="java.ext.dirs" value="/home/waa/sag/cc/jvm/jvm/jre/lib/ext:/usr/java/packages/lib/ext" />
    <property name="os.version" value="3.10.0-514.10.2.el7.x86_64" />
    <property name="user.home" value="/var/lib/jenkins" />
    <property name="ant.file.ProjectInitializer" value="/home/waa/cce/sagdevops-ci-assets/buildInitProject.xml" />
    <property name="java.vm.vendor" value="Oracle Corporation" />
    <property name="initialXSLT" value="resources/setUpInitial.xslt" />
    <property name="env.JAVA_HOME" value="/home/waa/sag/cc/jvm/jvm" />
    <property name="user.dir" value="/home/waa/cce/webmethods-sample-project-layout/assets/IS/Tests/FibonachiTest" />
    <property name="env.XFILESEARCHPATH" value="/usr/dt/app-defaults/%L/Dt" />
    <property name="deployerProjectDefinition" value="/var/lib/jenkins/workspace/executeTest/ProjectAutomator/executeTestDeploymentSpec.xml" />
    <property name="env.PWD" value="/home/waa/cce/webmethods-sample-project-layout" />
    <property name="sun.cpu.endian" value="little" />
    <property name="isConfigDir" value="" />
    <property name="java.vm.version" value="25.101-b13" />
    <property name="java.class.path" value="/home/waa/sag/cc/common/lib/ext/enttoolkit.jar:/home/waa/sag/cc/common/lib/glassfish/gf.javax.mail.jar:/home/waa/sag/cc/common/lib/wm-isclient.jar:/home/waa/sag/cc/IntegrationServer/lib/wm-isserver.jar:/home/waa/cce/sagdevops-ci-assets/lib/httpunit.jar:/home/waa/cce/sagdevops-ci-assets/lib/junit-4.8.2.jar:/home/waa/cce/sagdevops-ci-assets/lib/xmlunit1.0.jar:/home/waa/cce/sagdevops-ci-assets/lib/serviceInterceptor.jar:/home/waa/cce/sagdevops-ci-assets/lib/ant-junit.jar:/home/waa/cce/sagdevops-ci-assets/lib/ant-contrib.jar:/home/waa/cce/sagdevops-ci-assets/lib/serviceMockClient.jar:/usr/share/java/ant/ant-launcher.jar:/usr/share/java/ant/ant.jar" />
    <property name="ant.library.dir" value="/usr/share/ant/lib" />
    <property name="os.arch" value="amd64" />
    <property name="SAGHome" value="/home/waa/sag/cc" />
    <property name="deployerHost" value="localhost" />
    <property name="WORKSPACE" value="/var/lib/jenkins/workspace/executeTest" />
    <property name="sun.java.launcher" value="SUN_STANDARD" />
    <property name="env.BUILD_ID" value="13" />
    <property name="ant.core.lib" value="/usr/share/java/ant/ant.jar" />
    <property name="ant.file.type.ProjectInitializer" value="file" />
    <property name="java.vm.specification.vendor" value="Oracle Corporation" />
    <property name="file.separator" value="/" />
    <property name="java.runtime.version" value="1.8.0_101-b13" />
    <property name="sun.boot.class.path" value="/home/waa/sag/cc/jvm/jvm/jre/lib/resources.jar:/home/waa/sag/cc/jvm/jvm/jre/lib/rt.jar:/home/waa/sag/cc/jvm/jvm/jre/lib/sunrsasign.jar:/home/waa/sag/cc/jvm/jvm/jre/lib/jsse.jar:/home/waa/sag/cc/jvm/jvm/jre/lib/jce.jar:/home/waa/sag/cc/jvm/jvm/jre/lib/charsets.jar:/home/waa/sag/cc/jvm/jvm/jre/lib/jfr.jar:/home/waa/sag/cc/jvm/jvm/jre/classes" />
    <property name="env.WORKSPACE" value="/var/lib/jenkins/workspace/executeTest" />
    <property name="user.country" value="US" />
    <property name="env.EXECUTOR_NUMBER" value="1" />
    <property name="env.SHELL" value="/bin/bash" />
    <property name="ant.file.type.Build" value="file" />
    <property name="testPackageNamePattern" value="*_Test" />
    <property name="umExport" value="./assets/UniversalMessaging" />
    <property name="env.JOB_BASE_NAME" value="executeTest" />
    <property name="SAG_HOME" value="/home/waa/sag/cc" />
    <property name="rulesProjects" value="./assets/Rules/" />
    <property name="java.vendor" value="Oracle Corporation" />
    <property name="resourcesFolder" value="/home/waa/cce/webmethods-sample-project-layout/assets/IS/Tests/FibonachiTest/resources" />
    <property name="workspace.dir" value="/var/lib/jenkins/workspace/executeTest" />
    <property name="projectName" value="executeTest" />
    <property name="env.HUDSON_COOKIE" value="9fb16d5d-3400-46a9-8940-a3f68eaf6b6f" />
    <property name="java.specification.version" value="1.8" />
    <property name="sun.arch.data.model" value="64" />
  </properties>
  <testcase classname="com.wm.ps.test.WmTestCase" name="Straigt Case" time="0.065">
    <failure message="fibonachiNumber :Expected and actual objects don&apos;t match.: expected &lt;89999&gt; but was &lt;8&gt;" type="junit.framework.AssertionFailedError">junit.framework.AssertionFailedError: fibonachiNumber :Expected and actual objects don&apos;t match.: expected &lt;89999&gt; but was &lt;8&gt;
	at com.wm.ps.test.WmAssert.assertIDataEquals(WmAssert.java:161)
	at com.wm.ps.test.WmAssert.assertEquals(WmAssert.java:71)
	at com.wm.ps.test.DefaultResultsValidator.assertValid(DefaultResultsValidator.java:163)
	at com.wm.ps.test.WmTestCase.runInvoke(WmTestCase.java:1054)
	at com.wm.ps.test.WmTestCase.runTest(WmTestCase.java:964)
</failure>
  </testcase>
  <testcase classname="com.wm.ps.test.WmTestCase" name="TestException" time="0.07" />
  <system-out><![CDATA[]]></system-out>
  <system-err><![CDATA[]]></system-err>
</testsuite>
